<?xml version="1.0" encoding="UTF-8"?>
<testsuite xmlns:xsi="http://www.w3.org/2001/XMLSchema-instance" xsi:noNamespaceSchemaLocation="https://maven.apache.org/surefire/maven-surefire-plugin/xsd/surefire-test-report.xsd" version="3.0.2" name="com.queuectl.cli.StatusCommandTest" time="0.195" tests="1" errors="0" skipped="0" failures="0">
  <properties>
[...]
</properties>
  <testcase name="testStatusCommandOutput" classname="com.queuectl.cli.StatusCommandTest" time="0.178">
    <system-out><![CDATA[Applying migration V1__init.sql...
Applied migration V1__init.sql successfully (version 1)
]]></system-out>
  </testcase>
</testsuite>